Base path: C:/Program Files (x86)/Unity/Editor/Data
Pipe name: \\.\pipe\UnityShaderCompiler-2-8176
Cmd: getPlatforms
Cmd: compileSnippet
  api=8 type=0 insize=841 outsize=1650 kw= ok=1
Cmd: compileSnippet
  api=0 type=0 insize=805 outsize=328 kw= ok=1
Cmd: compileSnippet
  api=8 type=0 insize=2292 outsize=1926 kw=SOFTPARTICLES_ON ok=1
Cmd: compileSnippet
  api=0 type=1 insize=2292 outsize=876 kw=SOFTPARTICLES_OFF ok=1
Cmd: compileSnippet
  api=1 type=0 insize=1580 outsize=158 kw=SOFTPARTICLES_ON ok=1
Cmd: compileSnippet
  api=4 type=1 insize=1580 outsize=1217 kw=SOFTPARTICLES_ON ok=1
Cmd: compileSnippet
  api=8 type=1 insize=1346 outsize=1885 kw= ok=1
Cmd: compileSnippet
  api=8 type=0 insize=1435 outsize=1861 kw=SOFTPARTICLES_OFF ok=1
Cmd: compileSnippet
  api=0 type=0 insize=1049 outsize=328 kw= ok=1
Cmd: compileSnippet
  api=0 type=0 insize=1266 outsize=614 kw=SOFTPARTICLES_ON ok=1
Cmd: compileSnippet
  api=8 type=1 insize=1266 outsize=902 kw=SOFTPARTICLES_ON ok=1
Cmd: compileSnippet
  api=8 type=1 insize=1027 outsize=1138 kw= ok=1
Cmd: compileSnippet
  api=8 type=1 insize=1310 outsize=2348 kw= ok=1
Cmd: compileSnippet
  api=8 type=0 insize=2004 outsize=1926 kw=SOFTPARTICLES_ON ok=1
Cmd: compileSnippet
  api=8 type=1 insize=2004 outsize=2365 kw=SOFTPARTICLES_OFF ok=1
Unhandled exception: Readfile from pipe failed. GLE=The pipe has been ended.


Quitting shader compiler process
