Base path: C:/Program Files (x86)/Unity/Editor/Data
Pipe name: \\.\pipe\UnityShaderCompiler-5-7340
Cmd: getPlatforms
Cmd: compileSnippet
  api=8 type=0 insize=805 outsize=1438 kw= ok=1
Cmd: compileSnippet
  api=4 type=1 insize=2292 outsize=2087 kw=SOFTPARTICLES_ON ok=1
Cmd: compileSnippet
  api=0 type=0 insize=1580 outsize=360 kw=SOFTPARTICLES_ON ok=1
Cmd: compileSnippet
  api=1 type=1 insize=1580 outsize=291 kw=SOFTPARTICLES_ON ok=1
Cmd: compileSnippet
  api=0 type=1 insize=1887 outsize=642 kw= ok=1
Cmd: compileSnippet
  api=0 type=0 insize=1435 outsize=397 kw=SOFTPARTICLES_ON ok=1
Cmd: compileSnippet
  api=1 type=1 insize=1435 outsize=291 kw=SOFTPARTICLES_ON ok=1
Cmd: compileSnippet
  api=0 type=0 insize=1266 outsize=397 kw=SOFTPARTICLES_OFF ok=1
Cmd: compileSnippet
  api=8 type=1 insize=1266 outsize=853 kw=SOFTPARTICLES_OFF ok=1
Cmd: compileSnippet
  api=8 type=0 insize=1027 outsize=1560 kw= ok=1
Cmd: compileSnippet
  api=8 type=0 insize=1310 outsize=2998 kw= ok=1
Cmd: compileSnippet
  api=0 type=0 insize=2004 outsize=407 kw=SOFTPARTICLES_OFF ok=1
Cmd: compileSnippet
  api=0 type=0 insize=1088 outsize=332 kw= ok=1
Unhandled exception: Readfile from pipe failed. GLE=The pipe has been ended.


Quitting shader compiler process
