Base path: C:/Program Files (x86)/Unity/Editor/Data
Pipe name: \\.\pipe\UnityShaderCompiler-7-5612
Cmd: getPlatforms
Cmd: compileSnippet
  api=4 type=0 insize=2292 outsize=1380 kw=SOFTPARTICLES_ON ok=1
Cmd: compileSnippet
  api=1 type=1 insize=2292 outsize=628 kw=SOFTPARTICLES_ON ok=1
Cmd: compileSnippet
  api=0 type=1 insize=1580 outsize=482 kw=SOFTPARTICLES_OFF ok=1
Cmd: compileSnippet
  api=0 type=1 insize=1346 outsize=442 kw= ok=1
Cmd: compileSnippet
  api=1 type=0 insize=1435 outsize=196 kw=SOFTPARTICLES_OFF ok=1
Cmd: compileSnippet
  api=8 type=1 insize=1435 outsize=1869 kw=SOFTPARTICLES_ON ok=1
Cmd: compileSnippet
  api=0 type=1 insize=1049 outsize=496 kw= ok=1
Cmd: compileSnippet
  api=1 type=0 insize=1266 outsize=344 kw=SOFTPARTICLES_ON ok=1
Cmd: compileSnippet
  api=4 type=1 insize=1266 outsize=640 kw=SOFTPARTICLES_ON ok=1
Cmd: compileSnippet
  api=0 type=1 insize=1027 outsize=213 kw= ok=1
Cmd: compileSnippet
  api=1 type=0 insize=2004 outsize=190 kw=SOFTPARTICLES_ON ok=1
Cmd: compileSnippet
  api=1 type=1 insize=2004 outsize=421 kw=SOFTPARTICLES_ON ok=1
Unhandled exception: Readfile from pipe failed. GLE=The pipe has been ended.


Quitting shader compiler process
