Base path: C:/Program Files (x86)/Unity/Editor/Data
Pipe name: \\.\pipe\UnityShaderCompiler-8-4288
Cmd: getPlatforms
Cmd: compileSnippet
  api=8 type=0 insize=2292 outsize=1926 kw=SOFTPARTICLES_OFF ok=1
Cmd: compileSnippet
  api=8 type=1 insize=2292 outsize=3283 kw=SOFTPARTICLES_ON ok=1
Cmd: compileSnippet
  api=8 type=0 insize=1580 outsize=1690 kw=SOFTPARTICLES_ON ok=1
Cmd: compileSnippet
  api=0 type=1 insize=1580 outsize=482 kw=SOFTPARTICLES_ON ok=1
Cmd: compileSnippet
  api=8 type=0 insize=1435 outsize=1861 kw=SOFTPARTICLES_ON ok=1
Cmd: compileSnippet
  api=8 type=1 insize=1435 outsize=1869 kw=SOFTPARTICLES_OFF ok=1
Cmd: compileSnippet
  api=8 type=1 insize=1049 outsize=2032 kw= ok=1
Cmd: compileSnippet
  api=8 type=0 insize=1266 outsize=2966 kw=SOFTPARTICLES_ON ok=1
Cmd: compileSnippet
  api=1 type=1 insize=1266 outsize=108 kw=SOFTPARTICLES_ON ok=1
Cmd: compileSnippet
  api=1 type=1 insize=2402 outsize=2638 kw= ok=1
Cmd: compileSnippet
  api=1 type=1 insize=1027 outsize=104 kw= ok=1
Cmd: compileSnippet
  api=4 type=1 insize=2004 outsize=1558 kw=SOFTPARTICLES_ON ok=1
Unhandled exception: Readfile from pipe failed. GLE=The pipe has been ended.


Quitting shader compiler process
